  
  D:\codes\holo-tv\remeshing-depth\depthgen-optix\depthgen-optix>"C:\Program Files\NVIDIA GPU Computing Toolkit\CUDA\v10.0\bin\nvcc.exe" -ccbin "C:\Program Files (x86)\Microsoft Visual Studio\2017\Community\VC\Tools\MSVC\14.16.27023\bin\HostX86\x64" -x cu  -I"C:\ProgramData\NVIDIA Corporation\OptiX SDK 7.0.0\include" -I"C:\ProgramData\NVIDIA Corporation\OptiX SDK 7.0.0\SDK" -I"C:\ProgramData\NVIDIA Corporation\OptiX SDK 7.0.0\SDK\support" -I"C:\ProgramData\NVIDIA Corporation\OptiX SDK 7.0.0\SDK\cuda" -I"C:\Program Files\NVIDIA GPU Computing Toolkit\CUDA\v10.0\include" -I"C:\Program Files\NVIDIA GPU Computing Toolkit\CUDA\v10.0\include"     --keep-dir x64\Release -maxrregcount=0  --machine 64 -ptx   -o x64\Release\depthgen.cu.ptx "D:\codes\holo-tv\remeshing-depth\depthgen-optix\depthgen.cu" -clean 
  depthgen.cu
  
  D:\codes\holo-tv\remeshing-depth\depthgen-optix\depthgen-optix>"C:\Program Files\NVIDIA GPU Computing Toolkit\CUDA\v10.0\bin\nvcc.exe" -ccbin "C:\Program Files (x86)\Microsoft Visual Studio\2017\Community\VC\Tools\MSVC\14.16.27023\bin\HostX86\x64" -x cu  -I"C:\ProgramData\NVIDIA Corporation\OptiX SDK 7.0.0\include" -I"C:\ProgramData\NVIDIA Corporation\OptiX SDK 7.0.0\SDK" -I"C:\ProgramData\NVIDIA Corporation\OptiX SDK 7.0.0\SDK\support" -I"C:\ProgramData\NVIDIA Corporation\OptiX SDK 7.0.0\SDK\cuda" -I"C:\Program Files\NVIDIA GPU Computing Toolkit\CUDA\v10.0\include" -I"C:\Program Files\NVIDIA GPU Computing Toolkit\CUDA\v10.0\include"     --keep-dir x64\Release -maxrregcount=0  --machine 64 --compile      -D_CRT_SECURE_NO_WARNINGS -DNOMINMAX -D_USE_MATH_DEFINES -DGLFW_DLL -DGLAD_GLAPI_EXPORT -D_MBCS -Xcompiler "/EHsc /W3 /nologo /O2  /FS /Zi  /MD " -o x64\Release\depthgenkernels.cu.obj "D:\codes\holo-tv\remeshing-depth\depthgen-optix\depthgenkernels.cu" -clean 
  depthgenkernels.cu
  Compiling CUDA source file ..\depthgen.cu...
  Compiling CUDA source file ..\depthgenkernels.cu...
  
  D:\codes\holo-tv\remeshing-depth\depthgen-optix\depthgen-optix>"C:\Program Files\NVIDIA GPU Computing Toolkit\CUDA\v10.0\bin\nvcc.exe" -gencode=arch=compute_35,code=\"sm_35,compute_35\" --use-local-env -ccbin "C:\Program Files (x86)\Microsoft Visual Studio\2017\Community\VC\Tools\MSVC\14.16.27023\bin\HostX86\x64" -x cu  -I"C:\ProgramData\NVIDIA Corporation\OptiX SDK 7.0.0\include" -I"C:\ProgramData\NVIDIA Corporation\OptiX SDK 7.0.0\SDK" -I"C:\ProgramData\NVIDIA Corporation\OptiX SDK 7.0.0\SDK\support" -I"C:\ProgramData\NVIDIA Corporation\OptiX SDK 7.0.0\SDK\cuda" -I"C:\Program Files\NVIDIA GPU Computing Toolkit\CUDA\v10.0\include" -I"C:\Program Files\NVIDIA GPU Computing Toolkit\CUDA\v10.0\include"     --keep-dir x64\Release -maxrregcount=0  --machine 64 -ptx -cudart static  -o x64\Release\depthgen.cu.ptx "D:\codes\holo-tv\remeshing-depth\depthgen-optix\depthgen.cu" 
  
  D:\codes\holo-tv\remeshing-depth\depthgen-optix\depthgen-optix>"C:\Program Files\NVIDIA GPU Computing Toolkit\CUDA\v10.0\bin\nvcc.exe" -gencode=arch=compute_35,code=\"sm_35,compute_35\" --use-local-env -ccbin "C:\Program Files (x86)\Microsoft Visual Studio\2017\Community\VC\Tools\MSVC\14.16.27023\bin\HostX86\x64" -x cu  -I"C:\ProgramData\NVIDIA Corporation\OptiX SDK 7.0.0\include" -I"C:\ProgramData\NVIDIA Corporation\OptiX SDK 7.0.0\SDK" -I"C:\ProgramData\NVIDIA Corporation\OptiX SDK 7.0.0\SDK\support" -I"C:\ProgramData\NVIDIA Corporation\OptiX SDK 7.0.0\SDK\cuda" -I"C:\Program Files\NVIDIA GPU Computing Toolkit\CUDA\v10.0\include" -I"C:\Program Files\NVIDIA GPU Computing Toolkit\CUDA\v10.0\include"     --keep-dir x64\Release -maxrregcount=0  --machine 64 --compile -cudart static     -D_CRT_SECURE_NO_WARNINGS -DNOMINMAX -D_USE_MATH_DEFINES -DGLFW_DLL -DGLAD_GLAPI_EXPORT -D_MBCS -Xcompiler "/EHsc /W3 /nologo /O2 /Fdx64\Release\vc141.pdb /FS /Zi  /MD " -o x64\Release\depthgenkernels.cu.obj "D:\codes\holo-tv\remeshing-depth\depthgen-optix\depthgenkernels.cu" 
c:\program files\nvidia gpu computing toolkit\cuda\v10.0\include\crt\math_functions.h : warning C4819: The file contains a character that cannot be represented in the current code page (949). Save the file in Unicode format to prevent data loss
c:\program files\nvidia gpu computing toolkit\cuda\v10.0\include\crt\math_functions.h(824): warning C4819: The file contains a character that cannot be represented in the current code page (949). Save the file in Unicode format to prevent data loss
c:\program files\nvidia gpu computing toolkit\cuda\v10.0\include\crt\math_functions.h(1759): warning C4819: The file contains a character that cannot be represented in the current code page (949). Save the file in Unicode format to prevent data loss
c:\program files\nvidia gpu computing toolkit\cuda\v10.0\include\crt\math_functions.h(2621): warning C4819: The file contains a character that cannot be represented in the current code page (949). Save the file in Unicode format to prevent data loss
c:\program files\nvidia gpu computing toolkit\cuda\v10.0\include\crt\math_functions.h(3460): warning C4819: The file contains a character that cannot be represented in the current code page (949). Save the file in Unicode format to prevent data loss
c:\program files\nvidia gpu computing toolkit\cuda\v10.0\include\crt\math_functions.h(4403): warning C4819: The file contains a character that cannot be represented in the current code page (949). Save the file in Unicode format to prevent data loss
c:\program files\nvidia gpu computing toolkit\cuda\v10.0\include\crt\math_functions.h(5301): warning C4819: The file contains a character that cannot be represented in the current code page (949). Save the file in Unicode format to prevent data loss
c:\program files\nvidia gpu computing toolkit\cuda\v10.0\include\crt\math_functions.h(6212): warning C4819: The file contains a character that cannot be represented in the current code page (949). Save the file in Unicode format to prevent data loss
c:\program files\nvidia gpu computing toolkit\cuda\v10.0\include\crt\math_functions.h(7093): warning C4819: The file contains a character that cannot be represented in the current code page (949). Save the file in Unicode format to prevent data loss
c:\program files\nvidia gpu computing toolkit\cuda\v10.0\include\crt\math_functions.h(7892): warning C4819: The file contains a character that cannot be represented in the current code page (949). Save the file in Unicode format to prevent data loss
c:\program files\nvidia gpu computing toolkit\cuda\v10.0\include\crt/device_functions.h : warning C4819: The file contains a character that cannot be represented in the current code page (949). Save the file in Unicode format to prevent data loss
c:\program files\nvidia gpu computing toolkit\cuda\v10.0\include\crt/device_functions.h(772): warning C4819: The file contains a character that cannot be represented in the current code page (949). Save the file in Unicode format to prevent data loss
c:\program files\nvidia gpu computing toolkit\cuda\v10.0\include\crt/device_functions.h(1628): warning C4819: The file contains a character that cannot be represented in the current code page (949). Save the file in Unicode format to prevent data loss
c:\program files\nvidia gpu computing toolkit\cuda\v10.0\include\crt\device_double_functions.h : warning C4819: The file contains a character that cannot be represented in the current code page (949). Save the file in Unicode format to prevent data loss
c:\program files\nvidia gpu computing toolkit\cuda\v10.0\include\sm_20_intrinsics.h : warning C4819: The file contains a character that cannot be represented in the current code page (949). Save the file in Unicode format to prevent data loss
c:\program files\nvidia gpu computing toolkit\cuda\v10.0\include\sm_20_intrinsics.h(925): warning C4819: The file contains a character that cannot be represented in the current code page (949). Save the file in Unicode format to prevent data loss
c:\program files\nvidia gpu computing toolkit\cuda\v10.0\include\crt\math_functions.h : warning C4819: The file contains a character that cannot be represented in the current code page (949). Save the file in Unicode format to prevent data loss
c:\program files\nvidia gpu computing toolkit\cuda\v10.0\include\crt\math_functions.h(824): warning C4819: The file contains a character that cannot be represented in the current code page (949). Save the file in Unicode format to prevent data loss
c:\program files\nvidia gpu computing toolkit\cuda\v10.0\include\crt\math_functions.h(1759): warning C4819: The file contains a character that cannot be represented in the current code page (949). Save the file in Unicode format to prevent data loss
c:\program files\nvidia gpu computing toolkit\cuda\v10.0\include\crt\math_functions.h(2621): warning C4819: The file contains a character that cannot be represented in the current code page (949). Save the file in Unicode format to prevent data loss
c:\program files\nvidia gpu computing toolkit\cuda\v10.0\include\crt\math_functions.h(3460): warning C4819: The file contains a character that cannot be represented in the current code page (949). Save the file in Unicode format to prevent data loss
c:\program files\nvidia gpu computing toolkit\cuda\v10.0\include\crt\math_functions.h(4403): warning C4819: The file contains a character that cannot be represented in the current code page (949). Save the file in Unicode format to prevent data loss
c:\program files\nvidia gpu computing toolkit\cuda\v10.0\include\crt\math_functions.h(5301): warning C4819: The file contains a character that cannot be represented in the current code page (949). Save the file in Unicode format to prevent data loss
c:\program files\nvidia gpu computing toolkit\cuda\v10.0\include\crt\math_functions.h(6212): warning C4819: The file contains a character that cannot be represented in the current code page (949). Save the file in Unicode format to prevent data loss
c:\program files\nvidia gpu computing toolkit\cuda\v10.0\include\crt\math_functions.h(7093): warning C4819: The file contains a character that cannot be represented in the current code page (949). Save the file in Unicode format to prevent data loss
c:\program files\nvidia gpu computing toolkit\cuda\v10.0\include\crt\math_functions.h(7892): warning C4819: The file contains a character that cannot be represented in the current code page (949). Save the file in Unicode format to prevent data loss
c:\program files\nvidia gpu computing toolkit\cuda\v10.0\include\crt/device_functions.h : warning C4819: The file contains a character that cannot be represented in the current code page (949). Save the file in Unicode format to prevent data loss
c:\program files\nvidia gpu computing toolkit\cuda\v10.0\include\crt/device_functions.h(772): warning C4819: The file contains a character that cannot be represented in the current code page (949). Save the file in Unicode format to prevent data loss
c:\program files\nvidia gpu computing toolkit\cuda\v10.0\include\crt/device_functions.h(1628): warning C4819: The file contains a character that cannot be represented in the current code page (949). Save the file in Unicode format to prevent data loss
c:\program files\nvidia gpu computing toolkit\cuda\v10.0\include\crt\device_double_functions.h : warning C4819: The file contains a character that cannot be represented in the current code page (949). Save the file in Unicode format to prevent data loss
c:\program files\nvidia gpu computing toolkit\cuda\v10.0\include\sm_20_intrinsics.h : warning C4819: The file contains a character that cannot be represented in the current code page (949). Save the file in Unicode format to prevent data loss
c:\program files\nvidia gpu computing toolkit\cuda\v10.0\include\sm_20_intrinsics.h(925): warning C4819: The file contains a character that cannot be represented in the current code page (949). Save the file in Unicode format to prevent data loss
  depthgen.cu
c:\program files\nvidia gpu computing toolkit\cuda\v10.0\include\crt\math_functions.h : warning C4819: The file contains a character that cannot be represented in the current code page (949). Save the file in Unicode format to prevent data loss
c:\program files\nvidia gpu computing toolkit\cuda\v10.0\include\crt\math_functions.h(824): warning C4819: The file contains a character that cannot be represented in the current code page (949). Save the file in Unicode format to prevent data loss
c:\program files\nvidia gpu computing toolkit\cuda\v10.0\include\crt\math_functions.h(1759): warning C4819: The file contains a character that cannot be represented in the current code page (949). Save the file in Unicode format to prevent data loss
c:\program files\nvidia gpu computing toolkit\cuda\v10.0\include\crt\math_functions.h(2621): warning C4819: The file contains a character that cannot be represented in the current code page (949). Save the file in Unicode format to prevent data loss
c:\program files\nvidia gpu computing toolkit\cuda\v10.0\include\crt\math_functions.h(3460): warning C4819: The file contains a character that cannot be represented in the current code page (949). Save the file in Unicode format to prevent data loss
c:\program files\nvidia gpu computing toolkit\cuda\v10.0\include\crt\math_functions.h(4403): warning C4819: The file contains a character that cannot be represented in the current code page (949). Save the file in Unicode format to prevent data loss
c:\program files\nvidia gpu computing toolkit\cuda\v10.0\include\crt\math_functions.h(5301): warning C4819: The file contains a character that cannot be represented in the current code page (949). Save the file in Unicode format to prevent data loss
c:\program files\nvidia gpu computing toolkit\cuda\v10.0\include\crt\math_functions.h(6212): warning C4819: The file contains a character that cannot be represented in the current code page (949). Save the file in Unicode format to prevent data loss
c:\program files\nvidia gpu computing toolkit\cuda\v10.0\include\crt\math_functions.h(7093): warning C4819: The file contains a character that cannot be represented in the current code page (949). Save the file in Unicode format to prevent data loss
c:\program files\nvidia gpu computing toolkit\cuda\v10.0\include\crt\math_functions.h(7892): warning C4819: The file contains a character that cannot be represented in the current code page (949). Save the file in Unicode format to prevent data loss
c:\program files\nvidia gpu computing toolkit\cuda\v10.0\include\crt/device_functions.h : warning C4819: The file contains a character that cannot be represented in the current code page (949). Save the file in Unicode format to prevent data loss
c:\program files\nvidia gpu computing toolkit\cuda\v10.0\include\crt/device_functions.h(772): warning C4819: The file contains a character that cannot be represented in the current code page (949). Save the file in Unicode format to prevent data loss
c:\program files\nvidia gpu computing toolkit\cuda\v10.0\include\crt/device_functions.h(1628): warning C4819: The file contains a character that cannot be represented in the current code page (949). Save the file in Unicode format to prevent data loss
c:\program files\nvidia gpu computing toolkit\cuda\v10.0\include\crt\device_double_functions.h : warning C4819: The file contains a character that cannot be represented in the current code page (949). Save the file in Unicode format to prevent data loss
c:\program files\nvidia gpu computing toolkit\cuda\v10.0\include\sm_20_intrinsics.h : warning C4819: The file contains a character that cannot be represented in the current code page (949). Save the file in Unicode format to prevent data loss
c:\program files\nvidia gpu computing toolkit\cuda\v10.0\include\sm_20_intrinsics.h(925): warning C4819: The file contains a character that cannot be represented in the current code page (949). Save the file in Unicode format to prevent data loss
  depthgenkernels.cu
D:/codes/holo-tv/remeshing-depth/depthgen-optix/depthgenkernels.cu(85): warning C4244: '=': conversion from 'double' to 'float', possible loss of data
c:\program files\nvidia gpu computing toolkit\cuda\v10.0\include\crt\math_functions.h : warning C4819: The file contains a character that cannot be represented in the current code page (949). Save the file in Unicode format to prevent data loss
c:\program files\nvidia gpu computing toolkit\cuda\v10.0\include\crt\math_functions.h(824): warning C4819: The file contains a character that cannot be represented in the current code page (949). Save the file in Unicode format to prevent data loss
c:\program files\nvidia gpu computing toolkit\cuda\v10.0\include\crt\math_functions.h(1759): warning C4819: The file contains a character that cannot be represented in the current code page (949). Save the file in Unicode format to prevent data loss
c:\program files\nvidia gpu computing toolkit\cuda\v10.0\include\crt\math_functions.h(2621): warning C4819: The file contains a character that cannot be represented in the current code page (949). Save the file in Unicode format to prevent data loss
c:\program files\nvidia gpu computing toolkit\cuda\v10.0\include\crt\math_functions.h(3461): warning C4819: The file contains a character that cannot be represented in the current code page (949). Save the file in Unicode format to prevent data loss
c:\program files\nvidia gpu computing toolkit\cuda\v10.0\include\crt\math_functions.h(4403): warning C4819: The file contains a character that cannot be represented in the current code page (949). Save the file in Unicode format to prevent data loss
c:\program files\nvidia gpu computing toolkit\cuda\v10.0\include\crt\math_functions.h(5301): warning C4819: The file contains a character that cannot be represented in the current code page (949). Save the file in Unicode format to prevent data loss
c:\program files\nvidia gpu computing toolkit\cuda\v10.0\include\crt\math_functions.h(6212): warning C4819: The file contains a character that cannot be represented in the current code page (949). Save the file in Unicode format to prevent data loss
c:\program files\nvidia gpu computing toolkit\cuda\v10.0\include\crt\math_functions.h(7093): warning C4819: The file contains a character that cannot be represented in the current code page (949). Save the file in Unicode format to prevent data loss
c:\program files\nvidia gpu computing toolkit\cuda\v10.0\include\crt\math_functions.h(7892): warning C4819: The file contains a character that cannot be represented in the current code page (949). Save the file in Unicode format to prevent data loss
  depthgen.cpp
d:\codes\holo-tv\remeshing-depth\depthgen-optix\depthgen.cpp(489): warning C4244: '=': conversion from 'double' to 'float', possible loss of data
  Generating code
  All 659 functions were compiled because no usable IPDB/IOBJ from previous compilation was found.
  Finished generating code
  depthgen-optix.vcxproj -> D:\codes\holo-tv\remeshing-depth\depthgen-optix\x64\Release\depthgen-optix.exe
